[debug] [2017-12-02T15:35:22.325Z] ----------------------------------------------------------------------
[debug] [2017-12-02T15:35:22.329Z] Command:       C:\Program Files\nodejs\node.exe C:\Users\cypherOS\AppData\Roaming\npm\node_modules\firebase-tools\bin\firebase deploy
[debug] [2017-12-02T15:35:22.330Z] CLI Version:   3.15.4
[debug] [2017-12-02T15:35:22.330Z] Platform:      win32
[debug] [2017-12-02T15:35:22.330Z] Node Version:  v6.12.0
[debug] [2017-12-02T15:35:22.331Z] Time:          Sat Dec 02 2017 20:35:22 GMT+0500 (Pakistan Standard Time)
[debug] [2017-12-02T15:35:22.331Z] ----------------------------------------------------------------------
[debug] 
[debug] [2017-12-02T15:35:22.351Z] > command requires scopes: ["email","openid","https://www.googleapis.com/auth/cloudplatformprojects.readonly","https://www.googleapis.com/auth/firebase","https://www.googleapis.com/auth/cloud-platform"]
[debug] [2017-12-02T15:35:22.351Z] > authorizing via signed-in user
[debug] [2017-12-02T15:35:22.354Z] > refreshing access token with scopes: ["email","https://www.googleapis.com/auth/cloud-platform","https://www.googleapis.com/auth/cloudplatformprojects.readonly","https://www.googleapis.com/auth/firebase","openid"]
[debug] [2017-12-02T15:35:22.354Z] >>> HTTP REQUEST POST https://www.googleapis.com/oauth2/v3/token { refresh_token: '1/G6DesCi7X3nYAnpPjaNRjeZ9e_G8PiBoNZGFJAmhW14',
  client_id: '563584335869-fgrhgmd47bqnekij5i8b5pr03ho849e6.apps.googleusercontent.com',
  client_secret: 'j9iVZfS8kkCEFUPaAeJV0sAi',
  grant_type: 'refresh_token',
  scope: 'email https://www.googleapis.com/auth/cloud-platform https://www.googleapis.com/auth/cloudplatformprojects.readonly https://www.googleapis.com/auth/firebase openid' } 
 Sat Dec 02 2017 20:35:22 GMT+0500 (Pakistan Standard Time)
[debug] [2017-12-02T15:35:23.767Z] <<< HTTP RESPONSE 200
[debug] [2017-12-02T15:35:23.773Z] >>> HTTP REQUEST GET https://admin.firebase.com/v1/projects/fir-functions-a1a4b  
 Sat Dec 02 2017 20:35:23 GMT+0500 (Pakistan Standard Time)
[debug] [2017-12-02T15:35:25.218Z] <<< HTTP RESPONSE 200
[debug] [2017-12-02T15:35:25.219Z] >>> HTTP REQUEST GET https://admin.firebase.com/v1/database/fir-functions-a1a4b/tokens  
 Sat Dec 02 2017 20:35:25 GMT+0500 (Pakistan Standard Time)
[debug] [2017-12-02T15:36:13.877Z] <<< HTTP RESPONSE 200
[debug] [2017-12-02T15:36:56.419Z] ----------------------------------------------------------------------
[debug] [2017-12-02T15:36:56.423Z] Command:       C:\Program Files\nodejs\node.exe C:\Users\cypherOS\AppData\Roaming\npm\node_modules\firebase-tools\bin\firebase deploy
[debug] [2017-12-02T15:36:56.424Z] CLI Version:   3.15.4
[debug] [2017-12-02T15:36:56.424Z] Platform:      win32
[debug] [2017-12-02T15:36:56.424Z] Node Version:  v6.12.0
[debug] [2017-12-02T15:36:56.425Z] Time:          Sat Dec 02 2017 20:36:56 GMT+0500 (Pakistan Standard Time)
[debug] [2017-12-02T15:36:56.425Z] ----------------------------------------------------------------------
[debug] 
[debug] [2017-12-02T15:36:56.453Z] > command requires scopes: ["email","openid","https://www.googleapis.com/auth/cloudplatformprojects.readonly","https://www.googleapis.com/auth/firebase","https://www.googleapis.com/auth/cloud-platform"]
[debug] [2017-12-02T15:36:56.454Z] > authorizing via signed-in user
[debug] [2017-12-02T15:36:56.459Z] >>> HTTP REQUEST GET https://admin.firebase.com/v1/projects/fir-functions-a1a4b  
 Sat Dec 02 2017 20:36:56 GMT+0500 (Pakistan Standard Time)
[debug] [2017-12-02T15:36:57.712Z] <<< HTTP RESPONSE 200
[debug] [2017-12-02T15:36:57.713Z] >>> HTTP REQUEST GET https://admin.firebase.com/v1/database/fir-functions-a1a4b/tokens  
 Sat Dec 02 2017 20:36:57 GMT+0500 (Pakistan Standard Time)
